<?xml version="1.0" encoding="UTF-8"?>
<!-- Generated by org.testng.reporters.JUnitReportReporter -->
<testsuite hostname="LAPTOP-4STL6S85" failures="0" tests="1" name="Nagwaproject.Nagwaproject.Nagwa.Script" time="6.898" errors="0" timestamp="2021-10-04T11:37:44 EET" skipped="0">
  <testcase classname="Nagwaproject.Nagwaproject.Nagwa.Script" name="task" time="6.898"/>
</testsuite> <!-- Nagwaproject.Nagwaproject.Nagwa.Script -->
